# JRE version: Java(TM) SE Runtime Environment (8.0_66-b17) (build 1.8.0_66-b17)
# Java VM: Java HotSpot(TM) 64-Bit Server VM (25.66-b17 mixed mode linux-amd64 compressed oops)
Heap:
 PSYoungGen      total 193024K, used 145736K [0x00000000f0500000, 0x00000000fe600000, 0x0000000100000000)
  eden space 158720K, 91% used [0x00000000f0500000,0x00000000f933a0d8,0x00000000fa000000)
  from space 34304K, 0% used [0x00000000fa000000,0x00000000fa018000,0x00000000fc180000)
  to   space 34304K, 0% used [0x00000000fc480000,0x00000000fc480000,0x00000000fe600000)
 ParOldGen       total 128000K, used 84164K [0x00000000d0e00000, 0x00000000d8b00000, 0x00000000f0500000)
  object space 128000K, 65% used [0x00000000d0e00000,0x00000000d6031010,0x00000000d8b00000)
 Metaspace       used 20330K, capacity 20557K, committed 20992K, reserved 1069056K
  class space    used 1894K, capacity 1958K, committed 2048K, reserved 1048576K
GC Heap History (10 events):
Event: 52.978 GC heap before
{Heap before GC invocations=46 (full 2):
 PSYoungGen      total 188928K, used 160384K [0x00000000f0500000, 0x00000000fe380000, 0x0000000100000000)
  eden space 152576K, 100% used [0x00000000f0500000,0x00000000f9a00000,0x00000000f9a00000)
  from space 36352K, 21% used [0x00000000f9a00000,0x00000000fa1a01e0,0x00000000fbd80000)
  to   space 35840K, 0% used [0x00000000fc080000,0x00000000fc080000,0x00000000fe380000)
 ParOldGen       total 88576K, used 78184K [0x00000000d0e00000, 0x00000000d6480000, 0x00000000f0500000)
  object space 88576K, 88% used [0x00000000d0e00000,0x00000000d5a5a1e8,0x00000000d6480000)
 Metaspace       used 20297K, capacity 20493K, committed 20992K, reserved 1069056K
  class space    used 1892K, capacity 1958K, committed 2048K, reserved 1048576K
Event: 52.986 GC heap after
Heap after GC invocations=46 (full 2):
 PSYoungGen      total 189952K, used 7808K [0x00000000f0500000, 0x00000000fe200000, 0x0000000100000000)
  eden space 155648K, 0% used [0x00000000f0500000,0x00000000f0500000,0x00000000f9d00000)
  from space 34304K, 22% used [0x00000000fc080000,0x00000000fc8201e0,0x00000000fe200000)
  to   space 35328K, 0% used [0x00000000f9d00000,0x00000000f9d00000,0x00000000fbf80000)
 ParOldGen       total 88576K, used 78184K [0x00000000d0e00000, 0x00000000d6480000, 0x00000000f0500000)
  object space 88576K, 88% used [0x00000000d0e00000,0x00000000d5a5a1e8,0x00000000d6480000)
 Metaspace       used 20297K, capacity 20493K, committed 20992K, reserved 1069056K
  class space    used 1892K, capacity 1958K, committed 2048K, reserved 1048576K
}
Event: 53.833 GC heap before
{Heap before GC invocations=47 (full 2):
 PSYoungGen      total 189952K, used 163456K [0x00000000f0500000, 0x00000000fe200000, 0x0000000100000000)
  eden space 155648K, 100% used [0x00000000f0500000,0x00000000f9d00000,0x00000000f9d00000)
  from space 34304K, 22% used [0x00000000fc080000,0x00000000fc8201e0,0x00000000fe200000)
  to   space 35328K, 0% used [0x00000000f9d00000,0x00000000f9d00000,0x00000000fbf80000)
 ParOldGen       total 88576K, used 78184K [0x00000000d0e00000, 0x00000000d6480000, 0x00000000f0500000)
  object space 88576K, 88% used [0x00000000d0e00000,0x00000000d5a5a1e8,0x00000000d6480000)
 Metaspace       used 20299K, capacity 20493K, committed 20992K, reserved 1069056K
  class space    used 1892K, capacity 1958K, committed 2048K, reserved 1048576K
Event: 53.839 GC heap after
Heap after GC invocations=47 (full 2):
 PSYoungGen      total 190976K, used 6752K [0x00000000f0500000, 0x00000000fe300000, 0x0000000100000000)
  eden space 155648K, 0% used [0x00000000f0500000,0x00000000f0500000,0x00000000f9d00000)
  from space 35328K, 19% used [0x00000000f9d00000,0x00000000fa3981a0,0x00000000fbf80000)
  to   space 34304K, 0% used [0x00000000fc180000,0x00000000fc180000,0x00000000fe300000)
 ParOldGen       total 88576K, used 79224K [0x00000000d0e00000, 0x00000000d6480000, 0x00000000f0500000)
  object space 88576K, 89% used [0x00000000d0e00000,0x00000000d5b5e228,0x00000000d6480000)
 Metaspace       used 20299K, capacity 20493K, committed 20992K, reserved 1069056K
  class space    used 1892K, capacity 1958K, committed 2048K, reserved 1048576K
}
Event: 54.680 GC heap before
{Heap before GC invocations=48 (full 2):
 PSYoungGen      total 190976K, used 162400K [0x00000000f0500000, 0x00000000fe300000, 0x0000000100000000)
  eden space 155648K, 100% used [0x00000000f0500000,0x00000000f9d00000,0x00000000f9d00000)
  from space 35328K, 19% used [0x00000000f9d00000,0x00000000fa3981a0,0x00000000fbf80000)
  to   space 34304K, 0% used [0x00000000fc180000,0x00000000fc180000,0x00000000fe300000)
 ParOldGen       total 88576K, used 79224K [0x00000000d0e00000, 0x00000000d6480000, 0x00000000f0500000)
  object space 88576K, 89% used [0x00000000d0e00000,0x00000000d5b5e228,0x00000000d6480000)
 Metaspace       used 20304K, capacity 20493K, committed 20992K, reserved 1069056K
  class space    used 1892K, capacity 1958K, committed 2048K, reserved 1048576K
Event: 54.688 GC heap after
Heap after GC invocations=48 (full 2):
 PSYoungGen      total 193024K, used 1888K [0x00000000f0500000, 0x00000000fe300000, 0x0000000100000000)
  eden space 158720K, 0% used [0x00000000f0500000,0x00000000f0500000,0x00000000fa000000)
  from space 34304K, 5% used [0x00000000fc180000,0x00000000fc358070,0x00000000fe300000)
  to   space 34304K, 0% used [0x00000000fa000000,0x00000000fa000000,0x00000000fc180000)
 ParOldGen       total 88576K, used 84104K [0x00000000d0e00000, 0x00000000d6480000, 0x00000000f0500000)
  object space 88576K, 94% used [0x00000000d0e00000,0x00000000d6022358,0x00000000d6480000)
 Metaspace       used 20304K, capacity 20493K, committed 20992K, reserved 1069056K
  class space    used 1892K, capacity 1958K, committed 2048K, reserved 1048576K
}
Event: 54.688 GC heap before
{Heap before GC invocations=49 (full 3):
 PSYoungGen      total 193024K, used 1888K [0x00000000f0500000, 0x00000000fe300000, 0x0000000100000000)
  eden space 158720K, 0% used [0x00000000f0500000,0x00000000f0500000,0x00000000fa000000)
  from space 34304K, 5% used [0x00000000fc180000,0x00000000fc358070,0x00000000fe300000)
  to   space 34304K, 0% used [0x00000000fa000000,0x00000000fa000000,0x00000000fc180000)
 ParOldGen       total 88576K, used 84104K [0x00000000d0e00000, 0x00000000d6480000, 0x00000000f0500000)
  object space 88576K, 94% used [0x00000000d0e00000,0x00000000d6022358,0x00000000d6480000)
 Metaspace       used 20304K, capacity 20493K, committed 20992K, reserved 1069056K
  class space    used 1892K, capacity 1958K, committed 2048K, reserved 1048576K
Event: 55.033 GC heap after
Heap after GC invocations=49 (full 3):
 PSYoungGen      total 193024K, used 0K [0x00000000f0500000, 0x00000000fe300000, 0x0000000100000000)
  eden space 158720K, 0% used [0x00000000f0500000,0x00000000f0500000,0x00000000fa000000)
  from space 34304K, 0% used [0x00000000fc180000,0x00000000fc180000,0x00000000fe300000)
  to   space 34304K, 0% used [0x00000000fa000000,0x00000000fa000000,0x00000000fc180000)
 ParOldGen       total 128000K, used 84164K [0x00000000d0e00000, 0x00000000d8b00000, 0x00000000f0500000)
  object space 128000K, 65% used [0x00000000d0e00000,0x00000000d6031010,0x00000000d8b00000)
 Metaspace       used 20304K, capacity 20493K, committed 20992K, reserved 1069056K
  class space    used 1892K, capacity 1958K, committed 2048K, reserved 1048576K
}
Event: 55.876 GC heap before
{Heap before GC invocations=50 (full 3):
 PSYoungGen      total 193024K, used 158720K [0x00000000f0500000, 0x00000000fe300000, 0x0000000100000000)
  eden space 158720K, 100% used [0x00000000f0500000,0x00000000fa000000,0x00000000fa000000)
  from space 34304K, 0% used [0x00000000fc180000,0x00000000fc180000,0x00000000fe300000)
  to   space 34304K, 0% used [0x00000000fa000000,0x00000000fa000000,0x00000000fc180000)
 ParOldGen       total 128000K, used 84164K [0x00000000d0e00000, 0x00000000d8b00000, 0x00000000f0500000)
  object space 128000K, 65% used [0x00000000d0e00000,0x00000000d6031010,0x00000000d8b00000)
 Metaspace       used 20305K, capacity 20493K, committed 20992K, reserved 1069056K
  class space    used 1892K, capacity 1958K, committed 2048K, reserved 1048576K
Event: 55.877 GC heap after
Heap after GC invocations=50 (full 3):
 PSYoungGen      total 193024K, used 96K [0x00000000f0500000, 0x00000000fe600000, 0x0000000100000000)
  eden space 158720K, 0% used [0x00000000f0500000,0x00000000f0500000,0x00000000fa000000)
  from space 34304K, 0% used [0x00000000fa000000,0x00000000fa018000,0x00000000fc180000)
  to   space 34304K, 0% used [0x00000000fc480000,0x00000000fc480000,0x00000000fe600000)
 ParOldGen       total 128000K, used 84164K [0x00000000d0e00000, 0x00000000d8b00000, 0x00000000f0500000)
  object space 128000K, 65% used [0x00000000d0e00000,0x00000000d6031010,0x00000000d8b00000)
 Metaspace       used 20305K, capacity 20493K, committed 20992K, reserved 1069056K
  class space    used 1892K, capacity 1958K, committed 2048K, reserved 1048576K
}

